[16:39:09 Detalhado] - BuildManager - C:\Program Files\Microsoft Visual Studio\2022\Enterprise\MSBuild\Current\Bin\Roslyn\Microsoft.Managed.Core.targets(190,5): error : Não foi possível localizar uma parte do caminho 'C:\Users\janderson.goncalves\Documents\Github\DesenvolvedorIO\Aula09_DominandoTestesSoftware\TestesDeSoftware\.vs\TestesDeSoftware\v17\lut\0\i\NerdStore.Vendas.Application.Tests\Debug\netcoreapp3.1\NerdStore.Vendas.Application.Tests.GeneratedMSBuildEditorConfig.editorconfig'.
[16:39:09 Detalhado] - BuildManager - C:\Program Files\Microsoft Visual Studio\2022\Enterprise\MSBuild\Current\Bin\amd64\Microsoft.Common.CurrentVersion.targets(5650,5): error MSB3491: Não foi possível gravar linhas no arquivo "C:\Users\janderson.goncalves\Documents\Github\DesenvolvedorIO\Aula09_DominandoTestesSoftware\TestesDeSoftware\.vs\TestesDeSoftware\v17\lut\0\i\NerdStore.Vendas.Application.Tests\Debug\netcoreapp3.1\NerdStore.Vendas.Application.Tests.csproj.FileListAbsolute.txt". Caminho: C:\Users\janderson.goncalves\Documents\Github\DesenvolvedorIO\Aula09_DominandoTestesSoftware\TestesDeSoftware\.vs\TestesDeSoftware\v17\lut\0\i\NerdStore.Vendas.Application.Tests\Debug\netcoreapp3.1\NerdStore.Vendas.Application.Tests.csproj.FileListAbsolute.txt excede o limite máximo do caminho do SO. O nome do arquivo totalmente qualificado deve ter menos de 260 caracteres.
[16:39:09 Detalhado] - BuildManager - Alguns dos caminhos de arquivo definidos no csproj no caminho de build do Live Unit Testing estão ausentes. Verifique se esses arquivos devem estar presentes no caminho de build do Live Unit Testing e, se necessário, atualize a definição do csproj para pesquisar esses arquivos em um local diferente.
[16:39:09 Detalhado] - BuildManager - Item do _OutputPathItem 'C:\Users\janderson.goncalves\Documents\Github\DesenvolvedorIO\Aula09_DominandoTestesSoftware\TestesDeSoftware\.vs\TestesDeSoftware\v17\lut\0\b\NerdStore.Vendas.Application.Tests\Debug\netcoreapp3.1\' avaliado por meio de:
_OutputPathItem: '$(OutDir)' @ C:\Program Files\Microsoft Visual Studio\2022\Enterprise\MSBuild\Current\Bin\amd64\Microsoft.Common.CurrentVersion.targets:310
  OutDir: '$(OutputPath)' @ C:\Program Files\Microsoft Visual Studio\2022\Enterprise\MSBuild\Current\Bin\amd64\Microsoft.Common.CurrentVersion.targets:228
    OutputPath: '$(OutputPath)$(TargetFramework.ToLowerInvariant())\' @ C:\Program Files\dotnet\sdk\6.0.300\Sdks\Microsoft.NET.Sdk\targets\Microsoft.NET.TargetFrameworkInference.targets:245
      OutputPath: '$(BaseOutputPath)$(Configuration)\' @ C:\Program Files\dotnet\sdk\6.0.300\Sdks\Microsoft.NET.Sdk\targets\Microsoft.NET.DefaultOutputPaths.targets:33
        BaseOutputPath: 'C:\Users\janderson.goncalves\Documents\Github\DesenvolvedorIO\Aula09_DominandoTestesSoftware\TestesDeSoftware\.vs\TestesDeSoftware\v17\lut\0\b\NerdStore.Vendas.Application.Tests\' @ C:\Users\janderson.goncalves\Documents\Github\DesenvolvedorIO\Aula09_DominandoTestesSoftware\TestesDeSoftware\02 - TDD\tests\NerdStore.Vendas.Application.Tests\NerdStore.Vendas.Application.Tests.csproj:0
        Configuration: 'Debug'
[16:39:09 Detalhado] - BuildManager - Item do AppConfigFileDestination 'C:\Users\janderson.goncalves\Documents\Github\DesenvolvedorIO\Aula09_DominandoTestesSoftware\TestesDeSoftware\.vs\TestesDeSoftware\v17\lut\0\b\NerdStore.Vendas.Application.Tests\Debug\netcoreapp3.1\NerdStore.Vendas.Application.Tests.dll.config' avaliado por meio de:
AppConfigFileDestination: '$(OutDir)$(TargetFileName).config' @ C:\Program Files\Microsoft Visual Studio\2022\Enterprise\MSBuild\Current\Bin\amd64\Microsoft.Common.CurrentVersion.targets:339
  OutDir: '$(OutputPath)' @ C:\Program Files\Microsoft Visual Studio\2022\Enterprise\MSBuild\Current\Bin\amd64\Microsoft.Common.CurrentVersion.targets:228
    OutputPath: '$(OutputPath)$(TargetFramework.ToLowerInvariant())\' @ C:\Program Files\dotnet\sdk\6.0.300\Sdks\Microsoft.NET.Sdk\targets\Microsoft.NET.TargetFrameworkInference.targets:245
      OutputPath: '$(BaseOutputPath)$(Configuration)\' @ C:\Program Files\dotnet\sdk\6.0.300\Sdks\Microsoft.NET.Sdk\targets\Microsoft.NET.DefaultOutputPaths.targets:33
        BaseOutputPath: 'C:\Users\janderson.goncalves\Documents\Github\DesenvolvedorIO\Aula09_DominandoTestesSoftware\TestesDeSoftware\.vs\TestesDeSoftware\v17\lut\0\b\NerdStore.Vendas.Application.Tests\' @ C:\Users\janderson.goncalves\Documents\Github\DesenvolvedorIO\Aula09_DominandoTestesSoftware\TestesDeSoftware\02 - TDD\tests\NerdStore.Vendas.Application.Tests\NerdStore.Vendas.Application.Tests.csproj:0
        Configuration: 'Debug'
  TargetFileName: '$(TargetName)$(TargetExt)' @ C:\Program Files\Microsoft Visual Studio\2022\Enterprise\MSBuild\Current\Bin\amd64\Microsoft.Common.CurrentVersion.targets:248
    TargetName: '$(AssemblyName)' @ C:\Program Files\Microsoft Visual Studio\2022\Enterprise\MSBuild\Current\Bin\amd64\Microsoft.Common.CurrentVersion.targets:240
      AssemblyName: '$(MSBuildProjectName)' @ C:\Program Files\dotnet\sdk\6.0.300\Sdks\Microsoft.NET.Sdk\targets\Microsoft.NET.Sdk.props:32
        MSBuildProjectName: 'NerdStore.Vendas.Application.Tests'
    TargetExt: '.dll' @ C:\Program Files\dotnet\sdk\6.0.300\Sdks\Microsoft.NET.Sdk\targets\Microsoft.NET.Sdk.BeforeCommon.targets:106
[16:39:09 Detalhado] - BuildManager - Item do _DebugSymbolsOutputPath 'C:\Users\janderson.goncalves\Documents\Github\DesenvolvedorIO\Aula09_DominandoTestesSoftware\TestesDeSoftware\.vs\TestesDeSoftware\v17\lut\0\b\NerdStore.Vendas.Application.Tests\Debug\netcoreapp3.1\NerdStore.Vendas.Application.Tests.pdb' avaliado por meio de:
_DebugSymbolsOutputPath: '@(_DebugSymbolsIntermediatePath->'$(OutDir)%(Filename)%(Extension)')' @ C:\Program Files\Microsoft Visual Studio\2022\Enterprise\MSBuild\Current\Bin\amd64\Microsoft.Common.CurrentVersion.targets:406
  OutDir: '$(OutputPath)' @ C:\Program Files\Microsoft Visual Studio\2022\Enterprise\MSBuild\Current\Bin\amd64\Microsoft.Common.CurrentVersion.targets:228
    OutputPath: '$(OutputPath)$(TargetFramework.ToLowerInvariant())\' @ C:\Program Files\dotnet\sdk\6.0.300\Sdks\Microsoft.NET.Sdk\targets\Microsoft.NET.TargetFrameworkInference.targets:245
      OutputPath: '$(BaseOutputPath)$(Configuration)\' @ C:\Program Files\dotnet\sdk\6.0.300\Sdks\Microsoft.NET.Sdk\targets\Microsoft.NET.DefaultOutputPaths.targets:33
        BaseOutputPath: 'C:\Users\janderson.goncalves\Documents\Github\DesenvolvedorIO\Aula09_DominandoTestesSoftware\TestesDeSoftware\.vs\TestesDeSoftware\v17\lut\0\b\NerdStore.Vendas.Application.Tests\' @ C:\Users\janderson.goncalves\Documents\Github\DesenvolvedorIO\Aula09_DominandoTestesSoftware\TestesDeSoftware\02 - TDD\tests\NerdStore.Vendas.Application.Tests\NerdStore.Vendas.Application.Tests.csproj:0
        Configuration: 'Debug'
[16:39:09 Detalhado] - BuildManager - Item do _ApplicationManifestFinal 'C:\Users\janderson.goncalves\Documents\Github\DesenvolvedorIO\Aula09_DominandoTestesSoftware\TestesDeSoftware\.vs\TestesDeSoftware\v17\lut\0\b\NerdStore.Vendas.Application.Tests\Debug\netcoreapp3.1\Native.NerdStore.Vendas.Application.Tests.manifest' avaliado por meio de:
_ApplicationManifestFinal: '$(OutDir)$(_DeploymentTargetApplicationManifestFileName)' @ C:\Program Files\Microsoft Visual Studio\2022\Enterprise\MSBuild\Current\Bin\amd64\Microsoft.Common.CurrentVersion.targets:444
  OutDir: '$(OutputPath)' @ C:\Program Files\Microsoft Visual Studio\2022\Enterprise\MSBuild\Current\Bin\amd64\Microsoft.Common.CurrentVersion.targets:228
    OutputPath: '$(OutputPath)$(TargetFramework.ToLowerInvariant())\' @ C:\Program Files\dotnet\sdk\6.0.300\Sdks\Microsoft.NET.Sdk\targets\Microsoft.NET.TargetFrameworkInference.targets:245
      OutputPath: '$(BaseOutputPath)$(Configuration)\' @ C:\Program Files\dotnet\sdk\6.0.300\Sdks\Microsoft.NET.Sdk\targets\Microsoft.NET.DefaultOutputPaths.targets:33
        BaseOutputPath: 'C:\Users\janderson.goncalves\Documents\Github\DesenvolvedorIO\Aula09_DominandoTestesSoftware\TestesDeSoftware\.vs\TestesDeSoftware\v17\lut\0\b\NerdStore.Vendas.Application.Tests\' @ C:\Users\janderson.goncalves\Documents\Github\DesenvolvedorIO\Aula09_DominandoTestesSoftware\TestesDeSoftware\02 - TDD\tests\NerdStore.Vendas.Application.Tests\NerdStore.Vendas.Application.Tests.csproj:0
        Configuration: 'Debug'
  _DeploymentTargetApplicationManifestFileName: 'Native.$(AssemblyName).manifest' @ C:\Program Files\Microsoft Visual Studio\2022\Enterprise\MSBuild\Current\Bin\amd64\Microsoft.Common.CurrentVersion.targets:264
    AssemblyName: '$(MSBuildProjectName)' @ C:\Program Files\dotnet\sdk\6.0.300\Sdks\Microsoft.NET.Sdk\targets\Microsoft.NET.Sdk.props:32
      MSBuildProjectName: 'NerdStore.Vendas.Application.Tests'
